  OpenGL3DTemplate.cpp
C:\Users\youss\Desktop\graphics-assign2\template\OpenGL3DTemplate.cpp(384,3): warning C4996: 'sprintf': This function or variable may be unsafe. Consider using sprintf_s instead. To disable deprecation, use _CRT_SECURE_NO_WARNINGS. See online help for details.
C:\Users\youss\Desktop\graphics-assign2\template\OpenGL3DTemplate.cpp(385,3): warning C4996: 'sprintf': This function or variable may be unsafe. Consider using sprintf_s instead. To disable deprecation, use _CRT_SECURE_NO_WARNINGS. See online help for details.
C:\Users\youss\Desktop\graphics-assign2\template\OpenGL3DTemplate.cpp(388,3): warning C4996: 'sprintf': This function or variable may be unsafe. Consider using sprintf_s instead. To disable deprecation, use _CRT_SECURE_NO_WARNINGS. See online help for details.
C:\Users\youss\Desktop\graphics-assign2\template\OpenGL3DTemplate.cpp(391,4): warning C4996: 'sprintf': This function or variable may be unsafe. Consider using sprintf_s instead. To disable deprecation, use _CRT_SECURE_NO_WARNINGS. See online help for details.
C:\Users\youss\Desktop\graphics-assign2\template\OpenGL3DTemplate.cpp(398,3): warning C4996: 'sprintf': This function or variable may be unsafe. Consider using sprintf_s instead. To disable deprecation, use _CRT_SECURE_NO_WARNINGS. See online help for details.
C:\Users\youss\Desktop\graphics-assign2\template\OpenGL3DTemplate.cpp(401,3): warning C4996: 'sprintf': This function or variable may be unsafe. Consider using sprintf_s instead. To disable deprecation, use _CRT_SECURE_NO_WARNINGS. See online help for details.
C:\Users\youss\Desktop\graphics-assign2\template\OpenGL3DTemplate.cpp(405,3): warning C4996: 'sprintf': This function or variable may be unsafe. Consider using sprintf_s instead. To disable deprecation, use _CRT_SECURE_NO_WARNINGS. See online help for details.
C:\Users\youss\Desktop\graphics-assign2\template\OpenGL3DTemplate.cpp(408,4): warning C4996: 'sprintf': This function or variable may be unsafe. Consider using sprintf_s instead. To disable deprecation, use _CRT_SECURE_NO_WARNINGS. See online help for details.
C:\Users\youss\Desktop\graphics-assign2\template\OpenGL3DTemplate.cpp(2848,2): warning C4996: 'sprintf': This function or variable may be unsafe. Consider using sprintf_s instead. To disable deprecation, use _CRT_SECURE_NO_WARNINGS. See online help for details.
C:\Users\youss\Desktop\graphics-assign2\template\OpenGL3DTemplate.cpp(2865,2): warning C4996: 'sprintf': This function or variable may be unsafe. Consider using sprintf_s instead. To disable deprecation, use _CRT_SECURE_NO_WARNINGS. See online help for details.
C:\Users\youss\Desktop\graphics-assign2\template\OpenGL3DTemplate.cpp(2879,2): warning C4996: 'sprintf': This function or variable may be unsafe. Consider using sprintf_s instead. To disable deprecation, use _CRT_SECURE_NO_WARNINGS. See online help for details.
C:\Users\youss\Desktop\graphics-assign2\template\OpenGL3DTemplate.cpp(2896,2): warning C4996: 'sprintf': This function or variable may be unsafe. Consider using sprintf_s instead. To disable deprecation, use _CRT_SECURE_NO_WARNINGS. See online help for details.
C:\Users\youss\Desktop\graphics-assign2\template\OpenGL3DTemplate.cpp(2953,2): warning C4996: 'sprintf': This function or variable may be unsafe. Consider using sprintf_s instead. To disable deprecation, use _CRT_SECURE_NO_WARNINGS. See online help for details.
C:\Users\youss\Desktop\graphics-assign2\template\OpenGL3DTemplate.cpp(3010,2): warning C4996: 'sprintf': This function or variable may be unsafe. Consider using sprintf_s instead. To disable deprecation, use _CRT_SECURE_NO_WARNINGS. See online help for details.
C:\Users\youss\Desktop\graphics-assign2\template\OpenGL3DTemplate.cpp(3014,2): warning C4996: 'sprintf': This function or variable may be unsafe. Consider using sprintf_s instead. To disable deprecation, use _CRT_SECURE_NO_WARNINGS. See online help for details.
C:\Users\youss\Desktop\graphics-assign2\template\OpenGL3DTemplate.cpp(3018,2): warning C4996: 'sprintf': This function or variable may be unsafe. Consider using sprintf_s instead. To disable deprecation, use _CRT_SECURE_NO_WARNINGS. See online help for details.
C:\Users\youss\Desktop\graphics-assign2\template\OpenGL3DTemplate.cpp(3071,2): warning C4996: 'sprintf': This function or variable may be unsafe. Consider using sprintf_s instead. To disable deprecation, use _CRT_SECURE_NO_WARNINGS. See online help for details.
C:\Users\youss\Desktop\graphics-assign2\template\OpenGL3DTemplate.cpp(3075,2): warning C4996: 'sprintf': This function or variable may be unsafe. Consider using sprintf_s instead. To disable deprecation, use _CRT_SECURE_NO_WARNINGS. See online help for details.
OpenGL3DTemplate.obj : warning LNK4075: ignoring '/EDITANDCONTINUE' due to '/INCREMENTAL:NO' specification
  OpenGL3DTemplate.vcxproj -> C:\Users\youss\Desktop\graphics-assign2\template\Debug\OpenGL3DTemplate.exe
  'pwsh.exe' is not recognized as an internal or external command,
  operable program or batch file.
